[09Aug2025 00:10:08.257] [Server thread/INFO] [net.minecraft.server.players.PlayerList/]: Zack_201[/127.74.115.109:47779] logged in with entity id 2777 at (-308.23228078065296, 151.4375, -648.8337749809511)
[09Aug2025 00:10:08.331] [Server thread/INFO] [net.minecraft.server.MinecraftServer/]: Zack_201 joined the game
[09Aug2025 00:10:08.340] [Server thread/INFO] [APTweaks(Player)/]: Player Zack_201 ServerPlayer['Zack_201'/2777, l='ServerLevel[world]', x=-308.23, y=151.44, z=-648.83] logged in and will be protected for 90 secs.
[09Aug2025 00:10:09.001] [Netty Epoll Server IO #2/INFO] [simplelogin/]: Player zack_201 has successfully logged in.
[09Aug2025 00:10:09.017] [Server thread/INFO] [voicechat/]: [voicechat] Received secret request of Zack_201 (18)
[09Aug2025 00:10:09.017] [Server thread/INFO] [voicechat/]: [voicechat] Sent secret to Zack_201
[09Aug2025 00:10:10.470] [Server thread/INFO] [APTweaks(Core)/]: [APTweaks:Core] ↑ Server load changed from VERY_LOW (avg. 0.9455108642578125) to LOW (avg. 29.57099151611328)
[09Aug2025 00:10:17.167] [Server thread/INFO] [net.minecraft.server.players.PlayerList/]: ToxicElah[/127.65.248.166:55045] logged in with entity id 2966 at (-307.6219253386182, 151.0, -648.6409230401774)
[09Aug2025 00:10:17.201] [Server thread/INFO] [net.minecraft.server.MinecraftServer/]: ToxicElah joined the game
[09Aug2025 00:10:17.255] [Server thread/INFO] [APTweaks(Player)/]: Player ToxicElah ServerPlayer['ToxicElah'/2966, l='ServerLevel[world]', x=-307.62, y=151.00, z=-648.64] logged in and will be protected for 90 secs.
[09Aug2025 00:10:21.780] [Netty Epoll Server IO #3/INFO] [simplelogin/]: Player toxicelah has successfully logged in.
[09Aug2025 00:10:21.795] [Server thread/INFO] [voicechat/]: [voicechat] Received secret request of ToxicElah (18)
[09Aug2025 00:10:21.795] [Server thread/INFO] [voicechat/]: [voicechat] Sent secret to ToxicElah
[09Aug2025 00:10:30.505] [VoiceChatPacketProcessingThread/INFO] [voicechat/]: [voicechat] Successfully authenticated player 3fa830de-284c-3e51-b197-89bb104c814a
[09Aug2025 00:10:31.506] [VoiceChatPacketProcessingThread/INFO] [voicechat/]: [voicechat] Successfully validated connection of player 3fa830de-284c-3e51-b197-89bb104c814a
[09Aug2025 00:10:31.506] [VoiceChatPacketProcessingThread/INFO] [voicechat/]: [voicechat] Player Zack_201 (3fa830de-284c-3e51-b197-89bb104c814a) successfully connected to voice chat
[09Aug2025 00:10:32.227] [VoiceChatPacketProcessingThread/INFO] [voicechat/]: [voicechat] Successfully authenticated player 8d76394e-1016-3784-baa8-6080ae2cb123
[09Aug2025 00:10:32.970] [Server thread/INFO] [APTweaks(Core)/]: [APTweaks:Core] ↓ Server load changed from LOW (avg. 22.30978775024414) to VERY_LOW (avg. 17.26388168334961)
[09Aug2025 00:10:33.231] [VoiceChatPacketProcessingThread/INFO] [voicechat/]: [voicechat] Successfully validated connection of player 8d76394e-1016-3784-baa8-6080ae2cb123
[09Aug2025 00:10:33.232] [VoiceChatPacketProcessingThread/INFO] [voicechat/]: [voicechat] Player ToxicElah (8d76394e-1016-3784-baa8-6080ae2cb123) successfully connected to voice chat
[09Aug2025 00:10:46.870] [Server thread/INFO] [APTweaks(Player)/]: Protected Player ToxicElah was successful validated after 29 secs.
[09Aug2025 00:10:46.871] [Server thread/INFO] [APTweaks(Player)/]: Removing player protection invulnerable from player ToxicElah!
[09Aug2025 00:10:47.970] [Server thread/INFO] [APTweaks(Core)/]: [APTweaks:Core] ↑ Server load changed from VERY_LOW (avg. 17.26388168334961) to LOW (avg. 21.861305236816406)
[09Aug2025 00:10:48.920] [Server thread/INFO] [APTweaks(Player)/]: Protected Player Zack_201 was successful validated after 40 secs.
[09Aug2025 00:10:48.920] [Server thread/INFO] [APTweaks(Player)/]: Removing player protection invulnerable from player Zack_201!
[09Aug2025 00:11:10.470] [Server thread/INFO] [APTweaks(Core)/]: [APTweaks:Core] ↓ Server load changed from LOW (avg. 21.59922981262207) to VERY_LOW (avg. 19.916603088378906)
[09Aug2025 00:13:45.007] [VoiceChatPacketProcessingThread/INFO] [voicechat/]: [voicechat] Player 8d76394e-1016-3784-baa8-6080ae2cb123 timed out
[09Aug2025 00:13:45.007] [VoiceChatPacketProcessingThread/INFO] [voicechat/]: [voicechat] Reconnecting player ToxicElah
[09Aug2025 00:13:45.008] [VoiceChatPacketProcessingThread/INFO] [voicechat/]: [voicechat] Sent secret to ToxicElah
[09Aug2025 00:13:45.159] [VoiceChatPacketProcessingThread/INFO] [voicechat/]: [voicechat] Successfully authenticated player 8d76394e-1016-3784-baa8-6080ae2cb123
[09Aug2025 00:13:46.155] [VoiceChatPacketProcessingThread/INFO] [voicechat/]: [voicechat] Successfully validated connection of player 8d76394e-1016-3784-baa8-6080ae2cb123
[09Aug2025 00:13:46.156] [VoiceChatPacketProcessingThread/INFO] [voicechat/]: [voicechat] Player ToxicElah (8d76394e-1016-3784-baa8-6080ae2cb123) successfully connected to voice chat
[09Aug2025 00:15:44.138] [Server thread/WARN] [net.minecraft.world.entity.ai.gossip.GossipContainer/]: Failed to deserialize gossips: Not a list: END
[09Aug2025 00:15:54.237] [Server thread/WARN] [net.minecraft.world.entity.ai.gossip.GossipContainer/]: Failed to deserialize gossips: Not a list: END
[09Aug2025 00:18:40.470] [Server thread/INFO] [APTweaks(Core)/]: [APTweaks:Core] ↑ Server load changed from VERY_LOW (avg. 17.441158294677734) to LOW (avg. 20.298362731933594)
[09Aug2025 00:18:55.470] [Server thread/INFO] [APTweaks(Core)/]: [APTweaks:Core] ↓ Server load changed from LOW (avg. 20.298362731933594) to VERY_LOW (avg. 16.64637565612793)
[09Aug2025 00:19:10.470] [Server thread/INFO] [APTweaks(Core)/]: [APTweaks:Core] ↑ Server load changed from VERY_LOW (avg. 16.64637565612793) to LOW (avg. 21.23694610595703)
[09Aug2025 00:19:25.470] [Server thread/INFO] [APTweaks(Core)/]: [APTweaks:Core] ↓ Server load changed from LOW (avg. 21.23694610595703) to VERY_LOW (avg. 16.093664169311523)
[09Aug2025 00:21:32.970] [Server thread/INFO] [APTweaks(Core)/]: [APTweaks:Core] ↑ Server load changed from VERY_LOW (avg. 15.480141639709473) to LOW (avg. 20.022188186645508)
[09Aug2025 00:21:40.470] [Server thread/INFO] [APTweaks(Core)/]: [APTweaks:Core] ↓ Server load changed from LOW (avg. 20.022188186645508) to VERY_LOW (avg. 18.299175262451172)
[09Aug2025 00:22:25.470] [Server thread/INFO] [APTweaks(Core)/]: [APTweaks:Core] ↑ Server load changed from VERY_LOW (avg. 18.79584503173828) to LOW (avg. 20.459049224853516)
[09Aug2025 00:22:25.989] [Server thread/WARN] [net.minecraft.world.entity.ai.gossip.GossipContainer/]: Failed to deserialize gossips: Not a list: END
[09Aug2025 00:23:10.470] [Server thread/INFO] [APTweaks(Core)/]: [APTweaks:Core] ↓ Server load changed from LOW (avg. 20.091032028198242) to VERY_LOW (avg. 19.485164642333984)
[09Aug2025 00:23:10.555] [VoiceChatPacketProcessingThread/INFO] [voicechat/]: [voicechat] Player 3fa830de-284c-3e51-b197-89bb104c814a timed out
[09Aug2025 00:23:10.555] [VoiceChatPacketProcessingThread/INFO] [voicechat/]: [voicechat] Reconnecting player Zack_201
[09Aug2025 00:23:10.555] [VoiceChatPacketProcessingThread/INFO] [voicechat/]: [voicechat] Sent secret to Zack_201
[09Aug2025 00:23:11.562] [VoiceChatPacketProcessingThread/INFO] [voicechat/]: [voicechat] Player 8d76394e-1016-3784-baa8-6080ae2cb123 timed out
[09Aug2025 00:23:11.562] [VoiceChatPacketProcessingThread/INFO] [voicechat/]: [voicechat] Reconnecting player ToxicElah
[09Aug2025 00:23:11.563] [VoiceChatPacketProcessingThread/INFO] [voicechat/]: [voicechat] Sent secret to ToxicElah
[09Aug2025 00:23:18.487] [Server thread/INFO] [net.minecraft.server.network.ServerGamePacketListenerImpl/]: ToxicElah lost connection: Timed out
[09Aug2025 00:23:18.487] [Server thread/INFO] [net.minecraft.server.MinecraftServer/]: ToxicElah left the game
[09Aug2025 00:23:18.488] [Server thread/INFO] [voicechat/]: [voicechat] Disconnecting client ToxicElah
[09Aug2025 00:23:18.538] [Server thread/WARN] [net.minecraft.network.Connection/]: handleDisconnection() called twice
[09Aug2025 00:23:24.435] [Server thread/INFO] [net.minecraft.server.network.ServerGamePacketListenerImpl/]: Zack_201 lost connection: Timed out
[09Aug2025 00:23:24.435] [Server thread/INFO] [net.minecraft.server.MinecraftServer/]: Zack_201 left the game
[09Aug2025 00:23:24.435] [Server thread/INFO] [voicechat/]: [voicechat] Disconnecting client Zack_201
[09Aug2025 00:23:36.704] [Server thread/INFO] [net.minecraft.server.players.PlayerList/]: Zack_201[/127.74.115.109:57043] logged in with entity id 5250 at (-308.05249342917983, 151.0, -651.6578425223423)
[09Aug2025 00:23:36.735] [Server thread/INFO] [net.minecraft.server.MinecraftServer/]: Zack_201 joined the game
[09Aug2025 00:23:36.739] [Server thread/INFO] [APTweaks(Player)/]: Player Zack_201 ServerPlayer['Zack_201'/5250, l='ServerLevel[world]', x=-308.05, y=151.00, z=-651.66] logged in and will be protected for 90 secs.
[09Aug2025 00:23:37.452] [Netty Epoll Server IO #6/INFO] [simplelogin/]: Player zack_201 has successfully logged in.
[09Aug2025 00:23:37.489] [Server thread/INFO] [voicechat/]: [voicechat] Received secret request of Zack_201 (18)
[09Aug2025 00:23:37.490] [Server thread/INFO] [voicechat/]: [voicechat] Sent secret to Zack_201
[09Aug2025 00:24:03.819] [VoiceChatPacketProcessingThread/INFO] [voicechat/]: [voicechat] Successfully authenticated player 3fa830de-284c-3e51-b197-89bb104c814a
[09Aug2025 00:24:06.370] [Server thread/INFO] [APTweaks(Player)/]: Protected Player Zack_201 was successful validated after 29 secs.
[09Aug2025 00:24:06.370] [Server thread/INFO] [APTweaks(Player)/]: Removing player protection invulnerable from player Zack_201!
[09Aug2025 00:24:17.970] [Server thread/INFO] [APTweaks(Core)/]: [APTweaks:Core] ↑ Server load changed from VERY_LOW (avg. 14.460835456848145) to LOW (avg. 20.315454483032227)
[09Aug2025 00:24:18.389] [Server thread/WARN] [net.minecraft.world.entity.ai.gossip.GossipContainer/]: Failed to deserialize gossips: Not a list: END
[09Aug2025 00:24:18.390] [Server thread/WARN] [net.minecraft.world.entity.ai.gossip.GossipContainer/]: Failed to deserialize gossips: Not a list: END
[09Aug2025 00:24:25.470] [Server thread/INFO] [APTweaks(Core)/]: [APTweaks:Core] ↓ Server load changed from LOW (avg. 20.315454483032227) to VERY_LOW (avg. 15.59344482421875)
[09Aug2025 00:24:40.613] [Server thread/INFO] [net.minecraft.server.players.PlayerList/]: ToxicElah[/127.65.248.166:52469] logged in with entity id 5519 at (-298.06500692581, 148.9375, -644.5245489484586)
[09Aug2025 00:24:40.648] [Server thread/INFO] [net.minecraft.server.MinecraftServer/]: ToxicElah joined the game
[09Aug2025 00:24:40.693] [Server thread/INFO] [APTweaks(Player)/]: Player ToxicElah ServerPlayer['ToxicElah'/5519, l='ServerLevel[world]', x=-298.07, y=148.94, z=-644.52] logged in and will be protected for 90 secs.
[09Aug2025 00:24:41.196] [Netty Epoll Server IO #1/INFO] [simplelogin/]: Player toxicelah has successfully logged in.
[09Aug2025 00:24:41.202] [Server thread/INFO] [voicechat/]: [voicechat] Received secret request of ToxicElah (18)
[09Aug2025 00:24:41.202] [Server thread/INFO] [voicechat/]: [voicechat] Sent secret to ToxicElah
[09Aug2025 00:24:45.087] [Server thread/WARN] [net.minecraft.world.entity.ai.gossip.GossipContainer/]: Failed to deserialize gossips: Not a list: END
[09Aug2025 00:25:10.470] [Server thread/INFO] [APTweaks(Core)/]: [APTweaks:Core] ↑ Server load changed from VERY_LOW (avg. 17.900184631347656) to LOW (avg. 20.952423095703125)
[09Aug2025 00:25:11.402] [Server thread/INFO] [net.minecraft.server.MinecraftServer/]: Gave 1 [Horse Spawn Egg] to ToxicElah
[09Aug2025 00:25:17.970] [Server thread/INFO] [APTweaks(Core)/]: [APTweaks:Core] ↓ Server load changed from LOW (avg. 20.952423095703125) to VERY_LOW (avg. 19.40895652770996)
[09Aug2025 00:25:23.446] [Server thread/INFO] [net.minecraft.server.MinecraftServer/]: Gave 1 [Saddle] to ToxicElah
[09Aug2025 00:25:40.472] [Server thread/INFO] [APTweaks(Core)/]: [APTweaks:Core] ↑ Server load changed from VERY_LOW (avg. 19.900348663330078) to LOW (avg. 24.49451446533203)
[09Aug2025 00:25:55.470] [Server thread/INFO] [APTweaks(Core)/]: [APTweaks:Core] ↓ Server load changed from LOW (avg. 24.49451446533203) to VERY_LOW (avg. 18.88385772705078)
[09Aug2025 00:26:10.470] [Server thread/INFO] [APTweaks(Core)/]: [APTweaks:Core] ↑ Server load changed from VERY_LOW (avg. 18.88385772705078) to LOW (avg. 20.21320915222168)
[09Aug2025 00:26:10.836] [Server thread/INFO] [net.minecraft.server.network.ServerGamePacketListenerImpl/]: ToxicElah lost connection: Timed out
[09Aug2025 00:26:10.836] [Server thread/INFO] [net.minecraft.server.MinecraftServer/]: ToxicElah left the game
[09Aug2025 00:26:10.837] [Server thread/INFO] [voicechat/]: [voicechat] Disconnecting client ToxicElah
[09Aug2025 00:26:25.470] [Server thread/INFO] [APTweaks(Core)/]: [APTweaks:Core] ↓ Server load changed from LOW (avg. 20.21320915222168) to VERY_LOW (avg. 14.840301513671875)
